2024-03-19 12:55:50,566 [INFO] Activator:176 - 


2024-03-19 12:55:50,573 [INFO] Activator:177 - !SESSION log4j initialized
2024-03-19 12:55:56,361 [INFO] LogOutputStream:77 - [STDOUT_REDIRECT] 
2024-03-19 12:55:58,536 [INFO] ApplicationProperties:184 - Using Application install path: C:\ST\STM32CubeIDE_1.14.1\STM32CubeIDE\plugins\com.st.stm32cube.common.mx_6.10.0.202311202037
2024-03-19 12:55:58,557 [INFO] DbMcusXml:78 - Set database path to: C:\ST\STM32CubeIDE_1.14.1\STM32CubeIDE\plugins\com.st.stm32cube.common.mx_6.10.0.202311202037\\db\/mcu/
2024-03-19 12:55:58,559 [INFO] ApiDb:274 - Set plugin database path to: C:\ST\STM32CubeIDE_1.14.1\STM32CubeIDE\plugins\com.st.stm32cube.common.mx_6.10.0.202311202037\\db\/plugins/boardmanager/
2024-03-19 12:55:58,560 [WARN] ApiDb:259 - Overriding images path with different value:  => C:\ST\STM32CubeIDE_1.14.1\STM32CubeIDE\plugins\com.st.stm32cube.common.mx_6.10.0.202311202037\\db\/plugins/mcufinder/images/
2024-03-19 12:55:58,570 [INFO] ApiDb:250 - Set database path to: C:\Users\Acer\.stmcufinder\plugins\mcufinder//mcu/
2024-03-19 12:55:58,572 [INFO] DbMcusAds:125 - Set database path to: C:\Users\Acer\.stmcufinder\plugins\mcufinder//mcu/
2024-03-19 12:55:58,575 [INFO] CrossReferenceDbSqlite:203 - Set database path to: C:\Users\Acer\.stmcufinder\plugins\mcufinder//mcu/cs/
2024-03-19 12:55:58,700 [INFO] RulesReader:64 - Compatibility file has been processed (297 Rules)
2024-03-19 12:55:58,786 [INFO] DbMcusXml:78 - Set database path to: C:\ST\STM32CubeIDE_1.14.1\STM32CubeIDE\plugins\com.st.stm32cube.common.mx_6.10.0.202311202037\\db\/mcu/
2024-03-19 12:55:58,786 [INFO] ApiDb:274 - Set plugin database path to: C:\ST\STM32CubeIDE_1.14.1\STM32CubeIDE\plugins\com.st.stm32cube.common.mx_6.10.0.202311202037\\db\/plugins/boardmanager/
2024-03-19 12:55:58,786 [INFO] ApiDb:261 - Set plugin images path to: C:\ST\STM32CubeIDE_1.14.1\STM32CubeIDE\plugins\com.st.stm32cube.common.mx_6.10.0.202311202037\\db\/plugins/mcufinder/images/
2024-03-19 12:55:58,786 [WARN] DbFile:41 - Overriding database path with different value: C:\Users\Acer\.stmcufinder\plugins\mcufinder/ => C:\Users\Acer\.stmcufinder\plugins\mcufinder
2024-03-19 12:55:58,786 [INFO] ApiDb:250 - Set database path to: C:\Users\Acer\.stmcufinder\plugins\mcufinder//mcu/
2024-03-19 12:55:58,786 [WARN] DbFile:41 - Overriding database path with different value: C:\Users\Acer\.stmcufinder\plugins\mcufinder/ => C:\Users\Acer\.stmcufinder\plugins\mcufinder
2024-03-19 12:55:58,786 [INFO] DbMcusAds:125 - Set database path to: C:\Users\Acer\.stmcufinder\plugins\mcufinder//mcu/
2024-03-19 12:55:58,786 [WARN] DbFile:41 - Overriding database path with different value: C:\Users\Acer\.stmcufinder\plugins\mcufinder/ => C:\Users\Acer\.stmcufinder\plugins\mcufinder
2024-03-19 12:55:58,786 [WARN] DbFile:41 - Overriding database path with different value: C:\Users\Acer\.stmcufinder\plugins\mcufinder/ => C:\Users\Acer\.stmcufinder\plugins\mcufinder
2024-03-19 12:55:58,788 [INFO] CrossReferenceDbSqlite:203 - Set database path to: C:\Users\Acer\.stmcufinder\plugins\mcufinder//mcu/cs/
2024-03-19 12:55:58,864 [INFO] MainPanel:264 - HeapMemory: 268435456
2024-03-19 12:55:58,963 [INFO] DbMcusXml:78 - Set database path to: C:\ST\STM32CubeIDE_1.14.1\STM32CubeIDE\plugins\com.st.stm32cube.common.mx_6.10.0.202311202037\\db\/mcu/
2024-03-19 12:55:58,963 [INFO] ApiDb:274 - Set plugin database path to: C:\ST\STM32CubeIDE_1.14.1\STM32CubeIDE\plugins\com.st.stm32cube.common.mx_6.10.0.202311202037\\db\/plugins/boardmanager/
2024-03-19 12:55:58,963 [INFO] ApiDb:261 - Set plugin images path to: C:\ST\STM32CubeIDE_1.14.1\STM32CubeIDE\plugins\com.st.stm32cube.common.mx_6.10.0.202311202037\\db\/plugins/mcufinder/images/
2024-03-19 12:55:58,964 [WARN] DbFile:41 - Overriding database path with different value: C:\Users\Acer\.stmcufinder\plugins\mcufinder/ => C:\Users\Acer\.stmcufinder\plugins\mcufinder
2024-03-19 12:55:58,964 [INFO] ApiDb:250 - Set database path to: C:\Users\Acer\.stmcufinder\plugins\mcufinder//mcu/
2024-03-19 12:55:58,964 [WARN] DbFile:41 - Overriding database path with different value: C:\Users\Acer\.stmcufinder\plugins\mcufinder/ => C:\Users\Acer\.stmcufinder\plugins\mcufinder
2024-03-19 12:55:58,964 [INFO] DbMcusAds:125 - Set database path to: C:\Users\Acer\.stmcufinder\plugins\mcufinder//mcu/
2024-03-19 12:55:58,964 [WARN] DbFile:41 - Overriding database path with different value: C:\Users\Acer\.stmcufinder\plugins\mcufinder/ => C:\Users\Acer\.stmcufinder\plugins\mcufinder
2024-03-19 12:55:58,964 [WARN] DbFile:41 - Overriding database path with different value: C:\Users\Acer\.stmcufinder\plugins\mcufinder/ => C:\Users\Acer\.stmcufinder\plugins\mcufinder
2024-03-19 12:55:58,964 [INFO] CrossReferenceDbSqlite:203 - Set database path to: C:\Users\Acer\.stmcufinder\plugins\mcufinder//mcu/cs/
2024-03-19 12:55:58,985 [INFO] ApplicationProperties:184 - Using Application install path: C:\ST\STM32CubeIDE_1.14.1\STM32CubeIDE\plugins\com.st.stm32cube.common.mx_6.10.0.202311202037
2024-03-19 12:55:58,985 [INFO] PluginManage:196 - Search for loadable plugins [exclusion list=, ]
2024-03-19 12:55:58,987 [INFO] PluginManage:310 - Check plugin analytics
2024-03-19 12:55:59,174 [INFO] AnalyticsPlugin:253 - Accepted Software Licenses: 
2024-03-19 12:55:59,174 [INFO] AnalyticsPlugin:255 - Accepted CMSIS Pack Licenses: 
2024-03-19 12:55:59,175 [INFO] AnalyticsPlugin:257 - Accepted Firmware Licenses: 
2024-03-19 12:55:59,176 [INFO] PluginManage:359 - Loaded plugin analytics (category:tool,tabindex:-1)
2024-03-19 12:55:59,178 [INFO] PluginManage:310 - Check plugin cadmodel
2024-03-19 12:55:59,194 [INFO] CADModel:105 - Init CAD model plugin
2024-03-19 12:55:59,194 [INFO] PluginManage:359 - Loaded plugin cadmodel (category:power,tabindex:5)
2024-03-19 12:55:59,194 [INFO] PluginManage:310 - Check plugin clock
2024-03-19 12:55:59,215 [INFO] PluginManage:359 - Loaded plugin clock (category:base,tabindex:2)
2024-03-19 12:55:59,216 [INFO] PluginManage:310 - Check plugin ddr
2024-03-19 12:55:59,218 [INFO] PluginManage:359 - Loaded plugin ddr (category:tool,tabindex:6)
2024-03-19 12:55:59,218 [INFO] PluginManage:310 - Check plugin filemanager
2024-03-19 12:55:59,360 [INFO] PluginManage:359 - Loaded plugin filemanager (category:base,tabindex:10)
2024-03-19 12:55:59,360 [INFO] PluginManage:310 - Check plugin ipmanager
2024-03-19 12:55:59,366 [INFO] PluginManage:359 - Loaded plugin ipmanager (category:base,tabindex:5)
2024-03-19 12:55:59,366 [INFO] PluginManage:310 - Check plugin lpbam
2024-03-19 12:55:59,382 [INFO] PluginManage:359 - Loaded plugin lpbam (category:base,tabindex:0)
2024-03-19 12:55:59,382 [INFO] PluginManage:310 - Check plugin memorymap
2024-03-19 12:55:59,406 [INFO] PluginManage:359 - Loaded plugin memorymap (category:base,tabindex:4)
2024-03-19 12:55:59,406 [INFO] PluginManage:310 - Check plugin pinoutandconfiguration
2024-03-19 12:55:59,426 [INFO] PluginManage:359 - Loaded plugin pinoutandconfiguration (category:base,tabindex:1)
2024-03-19 12:55:59,427 [INFO] PluginManage:310 - Check plugin pinoutconfig
2024-03-19 12:55:59,521 [WARN] SupportedApi:132 - Cannot load RTOS API schema: s4s-elt-must-match.1: The content of 'definitions' must match (annotation?, (simpleType | complexType)?, (unique | key | keyref)*)). A problem was found starting at: attribute.
2024-03-19 12:55:59,656 [INFO] PluginManage:359 - Loaded plugin pinoutconfig (category:base,tabindex:0)
2024-03-19 12:55:59,656 [INFO] PluginManage:310 - Check plugin power
2024-03-19 12:55:59,675 [INFO] PluginManage:359 - Loaded plugin power (category:power,tabindex:4)
2024-03-19 12:55:59,676 [INFO] PluginManage:310 - Check plugin projectmanager
2024-03-19 12:55:59,691 [INFO] PluginManage:359 - Loaded plugin projectmanager (category:projectmanager,tabindex:3)
2024-03-19 12:55:59,691 [INFO] PluginManage:310 - Check plugin thirdparty
2024-03-19 12:55:59,941 [INFO] PluginManage:359 - Loaded plugin thirdparty (category:base,tabindex:-1)
2024-03-19 12:55:59,941 [WARN] IntegrityCheckThread:84 - waiting for thirdparty lock release [integrity check]
2024-03-19 12:55:59,941 [INFO] PluginManage:310 - Check plugin tools
2024-03-19 12:55:59,941 [INFO] IntegrityCheckThread:86 - entering critical section [integrity check]
2024-03-19 12:55:59,942 [INFO] ThirdPartyUpdaterWithRetryManager:70 - Updater plugin not ready yet. [1/15]
2024-03-19 12:55:59,969 [INFO] PluginManage:359 - Loaded plugin tools (category:base,tabindex:7)
2024-03-19 12:55:59,969 [INFO] PluginManage:310 - Check plugin tutovideos
2024-03-19 12:56:00,138 [INFO] PluginManage:359 - Loaded plugin tutovideos (category:base,tabindex:-1)
2024-03-19 12:56:00,138 [INFO] PluginManage:310 - Check plugin updater
2024-03-19 12:56:00,150 [INFO] PluginManage:359 - Loaded plugin updater (category:base,tabindex:12)
2024-03-19 12:56:00,150 [INFO] PluginManage:310 - Check plugin userauth
2024-03-19 12:56:00,155 [INFO] UserAuth:114 - Init User Auth plugin
2024-03-19 12:56:00,155 [INFO] PluginManage:359 - Loaded plugin userauth (category:base,tabindex:14)
2024-03-19 12:56:00,156 [INFO] PluginManage:283 - PluginManage : Loaded plugins [17]
2024-03-19 12:56:00,376 [INFO] PinOutPanel:1499 - setPackage(No Configuration,No Configuration)
2024-03-19 12:56:00,451 [INFO] CADModel:165 - CPN selected for project level
2024-03-19 12:56:00,451 [INFO] CADModel:114 - Register for checkConnection events
2024-03-19 12:56:00,475 [INFO] IPUIPlugin:80 - create IPUIPlugin
2024-03-19 12:56:00,476 [INFO] PluginManager:220 - loadIPPluginJar : add adc
2024-03-19 12:56:00,505 [INFO] IPUIPlugin:80 - create IPUIPlugin
2024-03-19 12:56:00,505 [INFO] PluginManager:220 - loadIPPluginJar : add aes
2024-03-19 12:56:00,541 [INFO] IPUIPlugin:80 - create IPUIPlugin
2024-03-19 12:56:00,542 [INFO] PluginManager:220 - loadIPPluginJar : add can
2024-03-19 12:56:00,561 [INFO] IPUIPlugin:80 - create IPUIPlugin
2024-03-19 12:56:00,562 [INFO] PluginManager:220 - loadIPPluginJar : add comp
2024-03-19 12:56:00,591 [INFO] IPUIPlugin:80 - create IPUIPlugin
2024-03-19 12:56:00,591 [INFO] PluginManager:220 - loadIPPluginJar : add cryp
2024-03-19 12:56:00,618 [INFO] IPUIPlugin:80 - create IPUIPlugin
2024-03-19 12:56:00,618 [INFO] PluginManager:220 - loadIPPluginJar : add dfsdm
2024-03-19 12:56:00,632 [INFO] IPUIPlugin:80 - create IPUIPlugin
2024-03-19 12:56:00,632 [INFO] PluginManager:220 - loadIPPluginJar : add dma
2024-03-19 12:56:00,664 [INFO] IPUIPlugin:80 - create IPUIPlugin
2024-03-19 12:56:00,665 [INFO] PluginManager:220 - loadIPPluginJar : add dma3
2024-03-19 12:56:00,680 [INFO] IPUIPlugin:80 - create IPUIPlugin
2024-03-19 12:56:00,680 [INFO] PluginManager:220 - loadIPPluginJar : add fatfs
2024-03-19 12:56:00,712 [INFO] IPUIPlugin:80 - create IPUIPlugin
2024-03-19 12:56:00,712 [INFO] PluginManager:220 - loadIPPluginJar : add fmc
2024-03-19 12:56:00,730 [INFO] IPUIPlugin:80 - create IPUIPlugin
2024-03-19 12:56:00,730 [INFO] PluginManager:220 - loadIPPluginJar : add freertos
2024-03-19 12:56:00,747 [INFO] IPUIPlugin:80 - create IPUIPlugin
2024-03-19 12:56:00,747 [INFO] PluginManager:220 - loadIPPluginJar : add genericplugin
2024-03-19 12:56:00,816 [INFO] IPUIPlugin:80 - create IPUIPlugin
2024-03-19 12:56:00,818 [INFO] PluginManager:220 - loadIPPluginJar : add gfxmmu
2024-03-19 12:56:00,905 [INFO] IPUIPlugin:80 - create IPUIPlugin
2024-03-19 12:56:00,905 [INFO] PluginManager:220 - loadIPPluginJar : add gic
2024-03-19 12:56:00,914 [INFO] IPUIPlugin:80 - create IPUIPlugin
2024-03-19 12:56:00,915 [INFO] PluginManager:220 - loadIPPluginJar : add gpio
2024-03-19 12:56:00,978 [INFO] IPUIPlugin:80 - create IPUIPlugin
2024-03-19 12:56:00,978 [INFO] PluginManager:220 - loadIPPluginJar : add gtzc
2024-03-19 12:56:00,999 [INFO] IPUIPlugin:80 - create IPUIPlugin
2024-03-19 12:56:00,999 [INFO] PluginManager:220 - loadIPPluginJar : add hash
2024-03-19 12:56:01,037 [INFO] IPUIPlugin:80 - create IPUIPlugin
2024-03-19 12:56:01,037 [INFO] PluginManager:220 - loadIPPluginJar : add i2c
2024-03-19 12:56:01,077 [INFO] IPUIPlugin:80 - create IPUIPlugin
2024-03-19 12:56:01,077 [INFO] PluginManager:220 - loadIPPluginJar : add i2s
2024-03-19 12:56:01,115 [INFO] IPUIPlugin:80 - create IPUIPlugin
2024-03-19 12:56:01,115 [INFO] PluginManager:220 - loadIPPluginJar : add i3c
2024-03-19 12:56:01,190 [INFO] IPUIPlugin:80 - create IPUIPlugin
2024-03-19 12:56:01,190 [INFO] PluginManager:220 - loadIPPluginJar : add ipddr
2024-03-19 12:56:01,253 [INFO] IPUIPlugin:80 - create IPUIPlugin
2024-03-19 12:56:01,253 [INFO] PluginManager:220 - loadIPPluginJar : add linkedlist
2024-03-19 12:56:01,278 [INFO] IPUIPlugin:80 - create IPUIPlugin
2024-03-19 12:56:01,278 [INFO] PluginManager:220 - loadIPPluginJar : add lorawan
2024-03-19 12:56:01,304 [INFO] IPUIPlugin:80 - create IPUIPlugin
2024-03-19 12:56:01,304 [INFO] PluginManager:220 - loadIPPluginJar : add ltdc
2024-03-19 12:56:01,315 [INFO] IPUIPlugin:80 - create IPUIPlugin
2024-03-19 12:56:01,315 [INFO] PluginManager:220 - loadIPPluginJar : add mdma
2024-03-19 12:56:01,325 [INFO] IPUIPlugin:80 - create IPUIPlugin
2024-03-19 12:56:01,325 [INFO] PluginManager:220 - loadIPPluginJar : add nvic
2024-03-19 12:56:01,352 [INFO] IPUIPlugin:80 - create IPUIPlugin
2024-03-19 12:56:01,353 [INFO] PluginManager:220 - loadIPPluginJar : add opamp
2024-03-19 12:56:01,395 [INFO] IPUIPlugin:80 - create IPUIPlugin
2024-03-19 12:56:01,395 [INFO] PluginManager:220 - loadIPPluginJar : add openamp
2024-03-19 12:56:01,428 [INFO] IPUIPlugin:80 - create IPUIPlugin
2024-03-19 12:56:01,428 [INFO] PluginManager:220 - loadIPPluginJar : add pdm2pcm
2024-03-19 12:56:01,439 [INFO] IPUIPlugin:80 - create IPUIPlugin
2024-03-19 12:56:01,441 [INFO] PluginManager:220 - loadIPPluginJar : add plateformsettings
2024-03-19 12:56:01,459 [INFO] IPUIPlugin:80 - create IPUIPlugin
2024-03-19 12:56:01,459 [INFO] PluginManager:220 - loadIPPluginJar : add quadspi
2024-03-19 12:56:01,468 [INFO] IPUIPlugin:80 - create IPUIPlugin
2024-03-19 12:56:01,468 [INFO] PluginManager:220 - loadIPPluginJar : add resmgrutility
2024-03-19 12:56:01,503 [INFO] IPUIPlugin:80 - create IPUIPlugin
2024-03-19 12:56:01,503 [INFO] PluginManager:220 - loadIPPluginJar : add sai
2024-03-19 12:56:01,529 [INFO] IPUIPlugin:80 - create IPUIPlugin
2024-03-19 12:56:01,530 [INFO] PluginManager:220 - loadIPPluginJar : add spi
2024-03-19 12:56:01,579 [INFO] IPUIPlugin:80 - create IPUIPlugin
2024-03-19 12:56:01,581 [INFO] PluginManager:220 - loadIPPluginJar : add stm32_wpan
2024-03-19 12:56:01,598 [INFO] IPUIPlugin:80 - create IPUIPlugin
2024-03-19 12:56:01,599 [INFO] PluginManager:220 - loadIPPluginJar : add tim
2024-03-19 12:56:01,639 [INFO] IPUIPlugin:80 - create IPUIPlugin
2024-03-19 12:56:01,640 [INFO] PluginManager:220 - loadIPPluginJar : add touchsensing
2024-03-19 12:56:01,656 [INFO] IPUIPlugin:80 - create IPUIPlugin
2024-03-19 12:56:01,656 [INFO] PluginManager:220 - loadIPPluginJar : add tracer_emb
2024-03-19 12:56:01,673 [INFO] IPUIPlugin:80 - create IPUIPlugin
2024-03-19 12:56:01,673 [INFO] PluginManager:220 - loadIPPluginJar : add ts
2024-03-19 12:56:01,688 [INFO] IPUIPlugin:80 - create IPUIPlugin
2024-03-19 12:56:01,688 [INFO] PluginManager:220 - loadIPPluginJar : add tsc
2024-03-19 12:56:01,712 [INFO] IPUIPlugin:80 - create IPUIPlugin
2024-03-19 12:56:01,712 [INFO] PluginManager:220 - loadIPPluginJar : add ucpd
2024-03-19 12:56:01,750 [INFO] IPUIPlugin:80 - create IPUIPlugin
2024-03-19 12:56:01,750 [INFO] PluginManager:220 - loadIPPluginJar : add usart
2024-03-19 12:56:01,783 [INFO] IPUIPlugin:80 - create IPUIPlugin
2024-03-19 12:56:01,783 [INFO] PluginManager:220 - loadIPPluginJar : add usbx
2024-03-19 12:56:01,908 [INFO] CADModel:165 - CPN selected for project level
2024-03-19 12:56:01,908 [INFO] CADModel:114 - Register for checkConnection events
2024-03-19 12:56:01,908 [FATAL] Updater:308 - Updater called before beeing initialized
2024-03-19 12:56:01,908 [ERROR] CADModel:125 - Updater not yet initialized, retry later 
2024-03-19 12:56:02,065 [INFO] CADModel:165 - CPN selected for project level
2024-03-19 12:56:02,065 [INFO] CADModel:114 - Register for checkConnection events
2024-03-19 12:56:02,066 [FATAL] Updater:308 - Updater called before beeing initialized
2024-03-19 12:56:02,066 [ERROR] CADModel:125 - Updater not yet initialized, retry later 
2024-03-19 12:56:02,069 [FATAL] Updater:308 - Updater called before beeing initialized
2024-03-19 12:56:02,170 [FATAL] Updater:308 - Updater called before beeing initialized
2024-03-19 12:56:02,179 [INFO] DbMcusAds:53 - JSON generation date=Wed Nov 29 17:52:27 ICT 2023 (1701255147349)
2024-03-19 12:56:02,179 [FATAL] Updater:308 - Updater called before beeing initialized
2024-03-19 12:56:02,247 [WARN] DetailPanel:346 - Failed to get advertising image, set to default
2024-03-19 12:56:02,329 [FATAL] Updater:308 - Updater called before beeing initialized
2024-03-19 12:56:02,332 [FATAL] Updater:308 - Updater called before beeing initialized
2024-03-19 12:56:02,332 [FATAL] Updater:308 - Updater called before beeing initialized
2024-03-19 12:56:02,332 [WARN] DetailPanel:346 - Failed to get advertising image, set to default
2024-03-19 12:56:02,333 [FATAL] Updater:308 - Updater called before beeing initialized
2024-03-19 12:56:02,395 [ERROR] Updater:1120 - MainUpdater not yet initialized. External WinMGr cannot be set.
2024-03-19 12:56:02,403 [INFO] Updater:1056 - Updater Version found : 6.10.0
2024-03-19 12:56:02,424 [INFO] ApplicationProperties:184 - Using Application install path: C:\ST\STM32CubeIDE_1.14.1\STM32CubeIDE\plugins\com.st.stm32cube.common.mx_6.10.0.202311202037
2024-03-19 12:56:02,945 [INFO] ThirdPartyUpdaterWithRetryManager:70 - Updater plugin not ready yet. [2/15]
2024-03-19 12:56:04,032 [ERROR] LogOutputStream:75 - [STDERR_REDIRECT] Mar 19, 2024 12:56:04 PM java.util.prefs.WindowsPreferences <init>
2024-03-19 12:56:04,034 [ERROR] LogOutputStream:75 - [STDERR_REDIRECT] WARNING: Could not open/create prefs root node Software\JavaSoft\Prefs at root 0xffffffff80000002. Windows RegCreateKeyEx(...) returned error code 5.
2024-03-19 12:56:04,034 [ERROR] LogOutputStream:75 - [STDERR_REDIRECT] 
2024-03-19 12:56:04,293 [INFO] MainUpdater:2873 - connection check result : 10
2024-03-19 12:56:04,293 [INFO] MainUpdater:3567 - Updater definition file requires update
2024-03-19 12:56:04,294 [INFO] MainUpdater:290 - Updater Check For Update Now.
2024-03-19 12:56:04,295 [INFO] MicroXplorer:498 - Change Database Version : DB.6.0.100
2024-03-19 12:56:04,310 [INFO] McuFinderGlobals:63 - Set McuFinder mode to 2 (CubeIDE integrated)
2024-03-19 12:56:04,320 [INFO] UserAuth:404 - Internet connection configuration mode: 1
2024-03-19 12:56:04,344 [INFO] JxBrowserEngine:152 - Initiate JxBrowser Engine with user profile folder
2024-03-19 12:56:04,363 [INFO] ServerAccessManage:473 - Download File updaters.zip
2024-03-19 12:56:04,428 [INFO] FileExtend:240 - Unzip File : updaters.zip
2024-03-19 12:56:04,428 [INFO] FileExtend:255 - Standard Zip Deflate
2024-03-19 12:56:04,761 [INFO] ServerAccessManage:473 - Download File PacksControlFlags.xml
2024-03-19 12:56:04,826 [INFO] ServerAccessManage:473 - Download File cubemx.pidx
2024-03-19 12:56:05,255 [INFO] ServerAccessManage:473 - Download File STMicroelectronics.X-CUBE-BLEMGR.pdsc
2024-03-19 12:56:05,949 [WARN] MainUpdater:1194 - Updater busy. Cannot search thirdparties
2024-03-19 12:56:05,949 [INFO] ThirdPartyUpdaterWithRetryManager:96 - Updater plugin is busy. [1/15]
2024-03-19 12:56:06,616 [INFO] ServerAccessManage:473 - Download File STMicroelectronics.X-CUBE-TOF1.pdsc
2024-03-19 12:56:07,300 [INFO] WebApp:161 - Instantiating new browser for Auth
2024-03-19 12:56:07,854 [INFO] WebApp:780 - Register for checkConnection events
2024-03-19 12:56:07,855 [INFO] WebApp:414 - Apply proxy settings
2024-03-19 12:56:07,855 [INFO] WebApp:499 - Chromium requires no authentication
2024-03-19 12:56:07,863 [INFO] WebApp:442 - Direct internet connection detected
2024-03-19 12:56:08,049 [INFO] WebApp:192 - Starting web application
2024-03-19 12:56:08,049 [INFO] WebApp:544 - Web application path used C:\ST\STM32CubeIDE_1.14.1\STM32CubeIDE\plugins\com.st.stm32cube.common.mx_6.10.0.202311202037\db\plugins\mcufinder\reactClient1\index.html
2024-03-19 12:56:08,961 [WARN] MainUpdater:1194 - Updater busy. Cannot search thirdparties
2024-03-19 12:56:08,961 [INFO] ThirdPartyUpdaterWithRetryManager:96 - Updater plugin is busy. [2/15]
2024-03-19 12:56:10,249 [ERROR] ServerAccessManage:1089 - Problem, file not found on Server
2024-03-19 12:56:11,637 [WARN] PackLoader:240 - Cannot read IP mode file for STMicroelectronics.X-CUBE-BLEMGR.3.1.0
2024-03-19 12:56:11,660 [WARN] PackLoader:240 - Cannot read IP mode file for STMicroelectronics.X-CUBE-TOF1.3.4.1
2024-03-19 12:56:11,681 [INFO] PopulateThirdPartyThread:66 - Ending populate Thread
2024-03-19 12:56:11,682 [INFO] ThirdParty:1030 - CMSIS Pack Vendor :STMicroelectronics X-CUBE-BLEMGR 3.1.0
2024-03-19 12:56:11,682 [INFO] ThirdParty:1030 - CMSIS Pack Vendor :STMicroelectronics X-CUBE-TOF1 3.4.1
2024-03-19 12:56:11,682 [INFO] LoadServerUpdatesThread:375 - End of LoadServerUpdate Thread
2024-03-19 12:56:11,769 [INFO] CheckServerUpdateThread:120 - End of CheckServer Thread
2024-03-19 12:56:12,137 [WARN] PackLoader:240 - Cannot read IP mode file for STMicroelectronics.X-CUBE-SMBUS.2.1.0
2024-03-19 12:56:12,151 [WARN] PackLoader:240 - Cannot read IP mode file for STMicroelectronics.X-CUBE-TOUCHGFX.4.23.0
2024-03-19 12:56:12,185 [WARN] PackLoader:240 - Cannot read IP mode file for STMicroelectronics.X-CUBE-AZRTOS-F7.1.1.0
2024-03-19 12:56:12,203 [WARN] PackLoader:240 - Cannot read IP mode file for STMicroelectronics.FP-SNS-MOTENV1.4.3.2
2024-03-19 12:56:12,210 [WARN] PackLoader:240 - Cannot read IP mode file for STMicroelectronics.FP-SNS-FLIGHT1.5.0.2
2024-03-19 12:56:12,226 [WARN] PackLoader:240 - Cannot read IP mode file for STMicroelectronics.X-CUBE-DISPLAY.3.0.0
2024-03-19 12:56:12,245 [WARN] PackLoader:240 - Cannot read IP mode file for STMicroelectronics.X-CUBE-BLE1.7.0.0
2024-03-19 12:56:12,258 [WARN] PackLoader:240 - Cannot read IP mode file for emotas.I-CUBE-CANOPEN.1.3.0
2024-03-19 12:56:12,268 [WARN] PackLoader:240 - Cannot read IP mode file for STMicroelectronics.X-CUBE-BLEMGR.3.1.0
2024-03-19 12:56:12,283 [WARN] PackLoader:240 - Cannot read IP mode file for STMicroelectronics.FP-SNS-SMARTAG2.1.2.0
2024-03-19 12:56:12,304 [INFO] LogOutputStream:77 - [STDOUT_REDIRECT] 1 : Invalid condition id : UX_CORESTACK_Condition cause : null
2024-03-19 12:56:12,304 [INFO] LogOutputStream:77 - [STDOUT_REDIRECT] 1 : Invalid condition id : UX_CORESTACK_Condition cause : null
2024-03-19 12:56:12,305 [INFO] LogOutputStream:77 - [STDOUT_REDIRECT] 1 : Invalid condition id : UX_CORESTACK_Condition cause : null
2024-03-19 12:56:12,306 [INFO] LogOutputStream:77 - [STDOUT_REDIRECT] 1 : Invalid condition id : UX_CORESTACK_Condition cause : null
2024-03-19 12:56:12,307 [INFO] LogOutputStream:77 - [STDOUT_REDIRECT] 1 : Invalid condition id : UX_CORESTACK_Condition cause : null
2024-03-19 12:56:12,311 [WARN] PackLoader:240 - Cannot read IP mode file for STMicroelectronics.X-CUBE-AZRTOS-WL.2.0.0
2024-03-19 12:56:12,326 [WARN] PackLoader:240 - Cannot read IP mode file for WES.I-CUBE-Cesium.1.3.0
2024-03-19 12:56:12,338 [WARN] PackLoader:240 - Cannot read IP mode file for STMicroelectronics.X-CUBE-BLE2.3.3.0
2024-03-19 12:56:12,351 [WARN] PackLoader:240 - Cannot read IP mode file for STMicroelectronics.X-CUBE-ALGOBUILD.1.3.0
2024-03-19 12:56:12,378 [WARN] PackLoader:240 - Cannot read IP mode file for STMicroelectronics.X-CUBE-AZRTOS-G0.1.1.0
2024-03-19 12:56:12,394 [WARN] PackLoader:240 - Cannot read IP mode file for STMicroelectronics.X-CUBE-NFC4.3.0.0
2024-03-19 12:56:12,412 [WARN] PackLoader:240 - Cannot read IP mode file for STMicroelectronics.X-CUBE-BLEMGR.3.0.0
2024-03-19 12:56:12,419 [WARN] PackLoader:240 - Cannot read IP mode file for STMicroelectronics.FP-ATR-SIGFOX1.3.2.0
2024-03-19 12:56:12,433 [WARN] PackLoader:240 - Cannot read IP mode file for STMicroelectronics.X-CUBE-EEPRMA1.5.1.0
2024-03-19 12:56:12,477 [WARN] PackLoader:240 - Cannot read IP mode file for SEGGER.I-CUBE-embOS.1.3.1
2024-03-19 12:56:12,514 [WARN] PackLoader:240 - Cannot read IP mode file for STMicroelectronics.X-CUBE-GNSS1.6.0.0
2024-03-19 12:56:12,543 [WARN] PackLoader:240 - Cannot read IP mode file for STMicroelectronics.X-CUBE-AZRTOS-F4.1.1.0
2024-03-19 12:56:12,558 [WARN] PackLoader:240 - Cannot read IP mode file for wolfSSL.I-CUBE-wolfSSL.5.6.6
2024-03-19 12:56:12,589 [WARN] PackLoader:240 - Cannot read IP mode file for STMicroelectronics.X-CUBE-AZRTOS-L5.2.0.0
2024-03-19 12:56:12,605 [WARN] PackLoader:240 - Cannot read IP mode file for STMicroelectronics.X-CUBE-EEPRMA1.4.2.0
2024-03-19 12:56:12,616 [WARN] PackLoader:240 - Cannot read IP mode file for ITTIA_DB.I-CUBE-ITTIADB.8.8.0
2024-03-19 12:56:12,631 [WARN] PackLoader:240 - Cannot read IP mode file for STMicroelectronics.X-CUBE-NFC7.1.0.1
2024-03-19 12:56:12,644 [WARN] PackLoader:240 - Cannot read IP mode file for STMicroelectronics.X-CUBE-NFC6.3.0.0
2024-03-19 12:56:12,656 [WARN] PackLoader:240 - Cannot read IP mode file for STMicroelectronics.X-CUBE-AI.8.1.0
2024-03-19 12:56:12,681 [WARN] ConditionMgr:438 - getConditionDescription Invalid condition id : LAN8742 Phy interface Condition cause : null
2024-03-19 12:56:12,681 [WARN] PackLoader:240 - Cannot read IP mode file for STMicroelectronics.X-CUBE-AZRTOS-L4.2.0.0
2024-03-19 12:56:12,682 [WARN] ConditionMgr:1039 - genDependencies : Invalid condition id : LAN8742 Phy interface Condition cause : null
2024-03-19 12:56:12,683 [WARN] ConditionMgr:1039 - genDependencies : Invalid condition id : LAN8742 Phy interface Condition cause : null
2024-03-19 12:56:12,683 [WARN] ConditionMgr:1039 - genDependencies : Invalid condition id : LAN8742 Phy interface Condition cause : null
2024-03-19 12:56:12,698 [WARN] PackLoader:240 - Cannot read IP mode file for STMicroelectronics.X-CUBE-SFXS2LP1.4.0.0
2024-03-19 12:56:12,721 [WARN] ConditionMgr:438 - getConditionDescription Invalid condition id : UX DEVICE CLASS RTOS Condition cause : null
2024-03-19 12:56:12,721 [WARN] ConditionMgr:438 - getConditionDescription Invalid condition id : UX DEVICE CLASS RTOS Condition cause : null
2024-03-19 12:56:12,728 [WARN] PackLoader:240 - Cannot read IP mode file for STMicroelectronics.X-CUBE-AZRTOS-WB.2.0.0
2024-03-19 12:56:12,729 [WARN] ConditionMgr:1039 - genDependencies : Invalid condition id : UX DEVICE CLASS RTOS Condition cause : null
2024-03-19 12:56:12,729 [WARN] ConditionMgr:1039 - genDependencies : Invalid condition id : UX DEVICE CLASS RTOS Condition cause : null
2024-03-19 12:56:12,729 [WARN] ConditionMgr:1039 - genDependencies : Invalid condition id : UX DEVICE CLASS RTOS Condition cause : null
2024-03-19 12:56:12,730 [WARN] ConditionMgr:1039 - genDependencies : Invalid condition id : UX DEVICE CLASS RTOS Condition cause : null
2024-03-19 12:56:12,730 [WARN] ConditionMgr:1039 - genDependencies : Invalid condition id : UX DEVICE CLASS RTOS Condition cause : null
2024-03-19 12:56:12,748 [WARN] PackLoader:240 - Cannot read IP mode file for STMicroelectronics.X-CUBE-SUBG2.5.0.0
2024-03-19 12:56:12,775 [WARN] PackLoader:240 - Cannot read IP mode file for STMicroelectronics.X-CUBE-AZRTOS-G4.2.0.0
2024-03-19 12:56:12,793 [WARN] PackLoader:240 - Cannot read IP mode file for Infineon.AIROC-Wi-Fi-Bluetooth-STM32.1.5.1
2024-03-19 12:56:12,800 [WARN] PackLoader:240 - Cannot read IP mode file for STMicroelectronics.FP-SNS-MOTENVWB1.1.3.1
2024-03-19 12:56:12,811 [WARN] PackLoader:240 - Cannot read IP mode file for STMicroelectronics.X-CUBE-ISPU.2.0.0
2024-03-19 12:56:12,859 [WARN] PackLoader:240 - Cannot read IP mode file for STMicroelectronics.X-CUBE-MEMS1.10.0.0
2024-03-19 12:56:12,959 [WARN] PackLoader:240 - Cannot read IP mode file for STMicroelectronics.X-CUBE-FREERTOS.1.1.0
2024-03-19 12:56:12,971 [WARN] PackLoader:240 - Cannot read IP mode file for portGmbH.I-Cube-SoM-uGOAL.1.1.0
2024-03-19 12:56:12,983 [WARN] PackLoader:240 - Cannot read IP mode file for STMicroelectronics.X-CUBE-ALS.1.0.1
2024-03-19 12:56:12,988 [WARN] PackLoader:240 - Cannot read IP mode file for STMicroelectronics.FP-ATR-ASTRA1.2.0.0
2024-03-19 12:56:13,006 [WARN] PackLoader:240 - Cannot read IP mode file for STMicroelectronics.X-CUBE-TOF1.3.4.0
2024-03-19 12:56:13,022 [WARN] PackLoader:240 - Cannot read IP mode file for STMicroelectronics.X-CUBE-TOF1.3.4.1
2024-03-19 12:56:13,062 [WARN] PackLoader:240 - Cannot read IP mode file for STMicroelectronics.X-CUBE-AZRTOS-H7.3.2.0
2024-03-19 12:56:13,064 [INFO] ThirdParty:978 - Integrity check success = true
2024-03-19 12:56:13,065 [INFO] IntegrityCheckThread:100 - exiting critical section [integrity check]
2024-03-19 12:56:13,065 [INFO] IntegrityCheckThread:103 - End integrity checks thread
2024-03-19 12:56:28,897 [ERROR] LogOutputStream:75 - [STDERR_REDIRECT] SLF4J: Failed to load class "org.slf4j.impl.StaticLoggerBinder".
2024-03-19 12:56:28,900 [ERROR] LogOutputStream:75 - [STDERR_REDIRECT] SLF4J: Defaulting to no-operation (NOP) logger implementation
2024-03-19 12:56:28,900 [ERROR] LogOutputStream:75 - [STDERR_REDIRECT] SLF4J: See http://www.slf4j.org/codes.html#StaticLoggerBinder for further details.
2024-03-19 13:08:43,148 [ERROR] LogOutputStream:75 - [STDERR_REDIRECT] 
